Start time: 11:57:00
Start process
Using device:cpu

LOAD DATA
Number of examples: 4594
------------------------------------
PREPROCESS DATA
START TRAINING
{'eval_loss': 0.0682964026927948, 'eval_accuracy': 0.9746192893401016, 'eval_runtime': 351.7527, 'eval_samples_per_second': 3.92, 'eval_steps_per_second': 0.492, 'epoch': 1.0}
{'eval_loss': 0.09582654386758804, 'eval_accuracy': 0.9731689630166788, 'eval_runtime': 458.8153, 'eval_samples_per_second': 3.006, 'eval_steps_per_second': 0.377, 'epoch': 2.0}
{'eval_loss': 0.07142139226198196, 'eval_accuracy': 0.9818709209572154, 'eval_runtime': 422.5754, 'eval_samples_per_second': 3.263, 'eval_steps_per_second': 0.409, 'epoch': 3.0}
{'eval_loss': 0.10725092887878418, 'eval_accuracy': 0.9753444525018129, 'eval_runtime': 275.1871, 'eval_samples_per_second': 5.011, 'eval_steps_per_second': 0.629, 'epoch': 4.0}
{'loss': 0.0771, 'learning_rate': 2.01980198019802e-05, 'epoch': 4.95}
{'eval_loss': 0.11638545989990234, 'eval_accuracy': 0.9796954314720813, 'eval_runtime': 283.7814, 'eval_samples_per_second': 4.859, 'eval_steps_per_second': 0.61, 'epoch': 5.0}
{'eval_loss': 0.11458274722099304, 'eval_accuracy': 0.9796954314720813, 'eval_runtime': 273.3312, 'eval_samples_per_second': 5.045, 'eval_steps_per_second': 0.633, 'epoch': 6.0}
{'eval_loss': 0.11629113554954529, 'eval_accuracy': 0.9789702683103698, 'eval_runtime': 273.7924, 'eval_samples_per_second': 5.037, 'eval_steps_per_second': 0.632, 'epoch': 7.0}
{'eval_loss': 0.12094218283891678, 'eval_accuracy': 0.9789702683103698, 'eval_runtime': 274.9457, 'eval_samples_per_second': 5.016, 'eval_steps_per_second': 0.629, 'epoch': 8.0}
{'eval_loss': 0.1223253384232521, 'eval_accuracy': 0.9789702683103698, 'eval_runtime': 284.1873, 'eval_samples_per_second': 4.852, 'eval_steps_per_second': 0.609, 'epoch': 9.0}
{'loss': 0.0002, 'learning_rate': 3.9603960396039606e-07, 'epoch': 9.9}
{'eval_loss': 0.12241460382938385, 'eval_accuracy': 0.9796954314720813, 'eval_runtime': 284.8856, 'eval_samples_per_second': 4.841, 'eval_steps_per_second': 0.607, 'epoch': 10.0}
{'train_runtime': 39970.0324, 'train_samples_per_second': 0.804, 'train_steps_per_second': 0.025, 'train_loss': 0.03824508145237157, 'epoch': 10.0}
End process
End time: 23:03:36
Runtime: 39996 seconds

JOB STATISTICS
==============
Job ID: 2699866
Cluster: snellius
User/Group: mkersten/mkersten
State: COMPLETED (exit code 0)
Nodes: 1
Cores per node: 32
CPU Utilized: 9-00:00:01
CPU Efficiency: 60.74% of 14-19:38:08 core-walltime
Job Wall-clock time: 11:06:49
Memory Utilized: 29.00 GB
Memory Efficiency: 51.78% of 56.00 GB
